[debug] [2022-05-26T10:45:07.950Z] ----------------------------------------------------------------------
[debug] [2022-05-26T10:45:07.951Z] Command:       /usr/local/bin/node /usr/local/bin/firebase deploy
[debug] [2022-05-26T10:45:07.952Z] CLI Version:   11.0.0
[debug] [2022-05-26T10:45:07.952Z] Platform:      darwin
[debug] [2022-05-26T10:45:07.952Z] Node Version:  v16.13.1
[debug] [2022-05-26T10:45:07.954Z] Time:          Thu May 26 2022 12:45:07 GMT+0200 (Central European Summer Time)
[debug] [2022-05-26T10:45:07.954Z] ----------------------------------------------------------------------
[debug] 
[debug] [2022-05-26T10:45:08.043Z] > command requires scopes: ["email","openid","https://www.googleapis.com/auth/cloudplatformprojects.readonly","https://www.googleapis.com/auth/firebase","https://www.googleapis.com/auth/cloud-platform"]
[debug] [2022-05-26T10:45:08.043Z] > authorizing via signed-in user (sdkiselev1812@gmail.com)
[debug] [2022-05-26T10:45:08.044Z] [iam] checking project fir-demo-1f579 for permissions ["cloudfunctions.functions.create","cloudfunctions.functions.delete","cloudfunctions.functions.get","cloudfunctions.functions.list","cloudfunctions.functions.update","cloudfunctions.operations.get","datastore.indexes.create","datastore.indexes.delete","datastore.indexes.list","datastore.indexes.update","firebase.projects.get","firebasehosting.sites.update"]
[debug] [2022-05-26T10:45:08.045Z] >>> [apiv2][query] POST https://cloudresourcemanager.googleapis.com/v1/projects/fir-demo-1f579:testIamPermissions [none]
[debug] [2022-05-26T10:45:08.046Z] >>> [apiv2][body] POST https://cloudresourcemanager.googleapis.com/v1/projects/fir-demo-1f579:testIamPermissions {"permissions":["cloudfunctions.functions.create","cloudfunctions.functions.delete","cloudfunctions.functions.get","cloudfunctions.functions.list","cloudfunctions.functions.update","cloudfunctions.operations.get","datastore.indexes.create","datastore.indexes.delete","datastore.indexes.list","datastore.indexes.update","firebase.projects.get","firebasehosting.sites.update"]}
[debug] [2022-05-26T10:45:08.290Z] <<< [apiv2][status] POST https://cloudresourcemanager.googleapis.com/v1/projects/fir-demo-1f579:testIamPermissions 200
[debug] [2022-05-26T10:45:08.290Z] <<< [apiv2][body] POST https://cloudresourcemanager.googleapis.com/v1/projects/fir-demo-1f579:testIamPermissions {"permissions":["cloudfunctions.functions.create","cloudfunctions.functions.delete","cloudfunctions.functions.get","cloudfunctions.functions.list","cloudfunctions.functions.update","cloudfunctions.operations.get","datastore.indexes.create","datastore.indexes.delete","datastore.indexes.list","datastore.indexes.update","firebase.projects.get","firebasehosting.sites.update"]}
[debug] [2022-05-26T10:45:08.291Z] >>> [apiv2][query] POST https://iam.googleapis.com/v1/projects/fir-demo-1f579/serviceAccounts/fir-demo-1f579@appspot.gserviceaccount.com:testIamPermissions [none]
[debug] [2022-05-26T10:45:08.291Z] >>> [apiv2][body] POST https://iam.googleapis.com/v1/projects/fir-demo-1f579/serviceAccounts/fir-demo-1f579@appspot.gserviceaccount.com:testIamPermissions {"permissions":["iam.serviceAccounts.actAs"]}
[debug] [2022-05-26T10:45:08.961Z] <<< [apiv2][status] POST https://iam.googleapis.com/v1/projects/fir-demo-1f579/serviceAccounts/fir-demo-1f579@appspot.gserviceaccount.com:testIamPermissions 200
[debug] [2022-05-26T10:45:08.961Z] <<< [apiv2][body] POST https://iam.googleapis.com/v1/projects/fir-demo-1f579/serviceAccounts/fir-demo-1f579@appspot.gserviceaccount.com:testIamPermissions {"permissions":["iam.serviceAccounts.actAs"]}
[debug] [2022-05-26T10:45:08.963Z] >>> [apiv2][query] GET https://firebase.googleapis.com/v1beta1/projects/fir-demo-1f579 [none]
[debug] [2022-05-26T10:45:09.212Z] <<< [apiv2][status] GET https://firebase.googleapis.com/v1beta1/projects/fir-demo-1f579 200
[debug] [2022-05-26T10:45:09.213Z] <<< [apiv2][body] GET https://firebase.googleapis.com/v1beta1/projects/fir-demo-1f579 {"projectId":"fir-demo-1f579","projectNumber":"803667900690","displayName":"firebase-demo","name":"projects/fir-demo-1f579","resources":{"hostingSite":"fir-demo-1f579","storageBucket":"fir-demo-1f579.appspot.com","locationId":"europe-west"},"state":"ACTIVE"}
[info] 
[info] === Deploying to 'fir-demo-1f579'...
[info] 
[info] i  deploying firestore, functions, hosting 
[info] i  firestore: reading indexes from firestore.indexes.json... 
[info] i  cloud.firestore: checking firestore.rules for compilation errors... 
[debug] [2022-05-26T10:45:09.216Z] >>> [apiv2][query] POST https://firebaserules.googleapis.com/v1/projects/fir-demo-1f579:test [none]
[debug] [2022-05-26T10:45:09.216Z] >>> [apiv2][body] POST https://firebaserules.googleapis.com/v1/projects/fir-demo-1f579:test [omitted]
[debug] [2022-05-26T10:45:10.064Z] <<< [apiv2][status] POST https://firebaserules.googleapis.com/v1/projects/fir-demo-1f579:test 200
[debug] [2022-05-26T10:45:10.065Z] <<< [apiv2][body] POST https://firebaserules.googleapis.com/v1/projects/fir-demo-1f579:test {}
[info] ✔  cloud.firestore: rules file firestore.rules compiled successfully 
[debug] [2022-05-26T10:45:10.066Z] >>> [apiv2][query] GET https://firebase.googleapis.com/v1beta1/projects/fir-demo-1f579 [none]
[debug] [2022-05-26T10:45:10.308Z] <<< [apiv2][status] GET https://firebase.googleapis.com/v1beta1/projects/fir-demo-1f579 200
[debug] [2022-05-26T10:45:10.308Z] <<< [apiv2][body] GET https://firebase.googleapis.com/v1beta1/projects/fir-demo-1f579 {"projectId":"fir-demo-1f579","projectNumber":"803667900690","displayName":"firebase-demo","name":"projects/fir-demo-1f579","resources":{"hostingSite":"fir-demo-1f579","storageBucket":"fir-demo-1f579.appspot.com","locationId":"europe-west"},"state":"ACTIVE"}
[info] i  functions: ensuring required API cloudfunctions.googleapis.com is enabled... 
[info] i  functions: ensuring required API cloudbuild.googleapis.com is enabled... 
[debug] [2022-05-26T10:45:10.310Z] >>> [apiv2][query] GET https://serviceusage.googleapis.com/v1/projects/fir-demo-1f579/services/cloudfunctions.googleapis.com [none]
[debug] [2022-05-26T10:45:10.311Z] >>> [apiv2][query] GET https://serviceusage.googleapis.com/v1/projects/fir-demo-1f579/services/runtimeconfig.googleapis.com [none]
[debug] [2022-05-26T10:45:10.312Z] >>> [apiv2][query] GET https://serviceusage.googleapis.com/v1/projects/fir-demo-1f579/services/cloudbuild.googleapis.com [none]
[debug] [2022-05-26T10:45:10.313Z] >>> [apiv2][query] GET https://serviceusage.googleapis.com/v1/projects/fir-demo-1f579/services/artifactregistry.googleapis.com [none]
[debug] [2022-05-26T10:45:11.130Z] <<< [apiv2][status] GET https://serviceusage.googleapis.com/v1/projects/fir-demo-1f579/services/runtimeconfig.googleapis.com 200
[debug] [2022-05-26T10:45:11.131Z] <<< [apiv2][body] GET https://serviceusage.googleapis.com/v1/projects/fir-demo-1f579/services/runtimeconfig.googleapis.com [omitted]
[debug] [2022-05-26T10:45:11.147Z] <<< [apiv2][status] GET https://serviceusage.googleapis.com/v1/projects/fir-demo-1f579/services/artifactregistry.googleapis.com 200
[debug] [2022-05-26T10:45:11.147Z] <<< [apiv2][body] GET https://serviceusage.googleapis.com/v1/projects/fir-demo-1f579/services/artifactregistry.googleapis.com [omitted]
[debug] [2022-05-26T10:45:11.151Z] <<< [apiv2][status] GET https://serviceusage.googleapis.com/v1/projects/fir-demo-1f579/services/cloudfunctions.googleapis.com 200
[debug] [2022-05-26T10:45:11.151Z] <<< [apiv2][body] GET https://serviceusage.googleapis.com/v1/projects/fir-demo-1f579/services/cloudfunctions.googleapis.com [omitted]
[info] ✔  functions: required API cloudfunctions.googleapis.com is enabled 
[debug] [2022-05-26T10:45:11.324Z] <<< [apiv2][status] GET https://serviceusage.googleapis.com/v1/projects/fir-demo-1f579/services/cloudbuild.googleapis.com 200
[debug] [2022-05-26T10:45:11.324Z] <<< [apiv2][body] GET https://serviceusage.googleapis.com/v1/projects/fir-demo-1f579/services/cloudbuild.googleapis.com [omitted]
[info] ✔  functions: required API cloudbuild.googleapis.com is enabled 
[debug] [2022-05-26T10:45:11.325Z] >>> [apiv2][query] GET https://firebase.googleapis.com/v1beta1/projects/fir-demo-1f579/adminSdkConfig [none]
[debug] [2022-05-26T10:45:11.532Z] <<< [apiv2][status] GET https://firebase.googleapis.com/v1beta1/projects/fir-demo-1f579/adminSdkConfig 200
[debug] [2022-05-26T10:45:11.532Z] <<< [apiv2][body] GET https://firebase.googleapis.com/v1beta1/projects/fir-demo-1f579/adminSdkConfig {"projectId":"fir-demo-1f579","storageBucket":"fir-demo-1f579.appspot.com","locationId":"europe-west"}
[debug] [2022-05-26T10:45:11.533Z] >>> [apiv2][query] GET https://runtimeconfig.googleapis.com/v1beta1/projects/fir-demo-1f579/configs [none]
[debug] [2022-05-26T10:45:12.326Z] <<< [apiv2][status] GET https://runtimeconfig.googleapis.com/v1beta1/projects/fir-demo-1f579/configs 200
[debug] [2022-05-26T10:45:12.326Z] <<< [apiv2][body] GET https://runtimeconfig.googleapis.com/v1beta1/projects/fir-demo-1f579/configs {}
[info] i  functions: preparing codebase default for deployment 
[debug] [2022-05-26T10:45:12.328Z] Validating nodejs source
[debug] [2022-05-26T10:45:13.453Z] > [functions] package.json contents: {
  "name": "functions",
  "description": "Cloud Functions for Firebase",
  "scripts": {
    "serve": "firebase emulators:start --only functions",
    "shell": "firebase functions:shell",
    "start": "npm run shell",
    "deploy": "firebase deploy --only functions",
    "logs": "firebase functions:log"
  },
  "engines": {
    "node": "16"
  },
  "main": "index.js",
  "dependencies": {
    "firebase-admin": "^10.0.2",
    "firebase-functions": "^3.18.0"
  },
  "devDependencies": {
    "firebase-functions-test": "^0.2.0"
  },
  "private": true
}
[debug] [2022-05-26T10:45:13.454Z] Building nodejs source
[debug] [2022-05-26T10:45:13.454Z] Analyzing nodejs backend spec
[debug] [2022-05-26T10:45:13.457Z] Could not find functions.yaml. Must use http discovery
[debug] [2022-05-26T10:45:13.660Z] Serving at port 9005

[debug] [2022-05-26T10:45:13.720Z] Got response from /__/functions.yaml {"endpoints":{"app":{"platform":"gcfv1","region":["us-central1"],"httpsTrigger":{},"entryPoint":"app"}},"specVersion":"v1alpha1","requiredAPIs":[]}
[debug] [2022-05-26T10:45:13.727Z] shutdown requested via /__/quitquitquit

[info] i  functions: preparing ./functions directory for uploading... 
[info] i  functions: packaged /Users/sasha/Documents/code/repos/svelte-firebase-skeleton/functions (426.47 KB) for uploading 
[debug] [2022-05-26T10:45:13.816Z] >>> [apiv2][query] GET https://cloudfunctions.googleapis.com/v1/projects/fir-demo-1f579/locations/-/functions [none]
[debug] [2022-05-26T10:45:14.366Z] <<< [apiv2][status] GET https://cloudfunctions.googleapis.com/v1/projects/fir-demo-1f579/locations/-/functions 200
[debug] [2022-05-26T10:45:14.366Z] <<< [apiv2][body] GET https://cloudfunctions.googleapis.com/v1/projects/fir-demo-1f579/locations/-/functions {"functions":[{"name":"projects/fir-demo-1f579/locations/us-central1/functions/app","httpsTrigger":{"url":"https://us-central1-fir-demo-1f579.cloudfunctions.net/app","securityLevel":"SECURE_ALWAYS"},"status":"ACTIVE","entryPoint":"app","timeout":"60s","availableMemoryMb":256,"serviceAccountEmail":"fir-demo-1f579@appspot.gserviceaccount.com","updateTime":"2022-05-26T10:06:25.217Z","versionId":"22","labels":{"deployment-tool":"cli-firebase"},"sourceUploadUrl":"https://storage.googleapis.com/uploads-874433572816.us-central1.cloudfunctions.appspot.com/4bb77931-82f4-487b-9622-9a369dcbd9be.zip","environmentVariables":{"FIREBASE_CONFIG":"{\"projectId\":\"fir-demo-1f579\",\"storageBucket\":\"fir-demo-1f579.appspot.com\",\"locationId\":\"europe-west\"}","GCLOUD_PROJECT":"fir-demo-1f579"},"runtime":"nodejs16","ingressSettings":"ALLOW_ALL","buildId":"263f0524-51ec-4def-983b-ff645ba557ec","buildName":"projects/803667900690/locations/us-central1/builds/263f0524-51ec-4def-983b-ff645ba557ec","dockerRegistry":"CONTAINER_REGISTRY"}]}
[debug] [2022-05-26T10:45:14.367Z] >>> [apiv2][query] GET https://cloudfunctions.googleapis.com/v2alpha/projects/fir-demo-1f579/locations/-/functions [none]
[debug] [2022-05-26T10:45:15.576Z] <<< [apiv2][status] GET https://cloudfunctions.googleapis.com/v2alpha/projects/fir-demo-1f579/locations/-/functions 200
[debug] [2022-05-26T10:45:15.576Z] <<< [apiv2][body] GET https://cloudfunctions.googleapis.com/v2alpha/projects/fir-demo-1f579/locations/-/functions {}
[debug] [2022-05-26T10:45:15.583Z] >>> [apiv2][query] GET https://firebase.googleapis.com/v1beta1/projects/fir-demo-1f579 [none]
[debug] [2022-05-26T10:45:15.947Z] <<< [apiv2][status] GET https://firebase.googleapis.com/v1beta1/projects/fir-demo-1f579 200
[debug] [2022-05-26T10:45:15.947Z] <<< [apiv2][body] GET https://firebase.googleapis.com/v1beta1/projects/fir-demo-1f579 {"projectId":"fir-demo-1f579","projectNumber":"803667900690","displayName":"firebase-demo","name":"projects/fir-demo-1f579","resources":{"hostingSite":"fir-demo-1f579","storageBucket":"fir-demo-1f579.appspot.com","locationId":"europe-west"},"state":"ACTIVE"}
[debug] [2022-05-26T10:45:15.950Z] >>> [apiv2][query] POST https://firebasehosting.googleapis.com/v1beta1/projects/803667900690/sites/fir-demo-1f579/versions [none]
[debug] [2022-05-26T10:45:15.951Z] >>> [apiv2][body] POST https://firebasehosting.googleapis.com/v1beta1/projects/803667900690/sites/fir-demo-1f579/versions {"config":{"rewrites":[{"glob":"**","function":"app","functionRegion":"us-central1"}]},"labels":{"deployment-tool":"cli-firebase"}}
[debug] [2022-05-26T10:45:17.326Z] <<< [apiv2][status] POST https://firebasehosting.googleapis.com/v1beta1/projects/803667900690/sites/fir-demo-1f579/versions 200
[debug] [2022-05-26T10:45:17.327Z] <<< [apiv2][body] POST https://firebasehosting.googleapis.com/v1beta1/projects/803667900690/sites/fir-demo-1f579/versions {"name":"projects/803667900690/sites/fir-demo-1f579/versions/15083ec2b76fcb75","status":"CREATED","config":{"rewrites":[{"glob":"**","function":"app"}]},"labels":{"deployment-tool":"cli-firebase"}}
[debug] [2022-05-26T10:45:17.330Z] > refreshing access token with scopes: ["email","https://www.googleapis.com/auth/cloud-platform","https://www.googleapis.com/auth/cloudplatformprojects.readonly","https://www.googleapis.com/auth/firebase","openid"]
[debug] [2022-05-26T10:45:17.330Z] >>> HTTP REQUEST POST https://www.googleapis.com/oauth2/v3/token  
 <request body omitted>
[debug] [2022-05-26T10:45:17.334Z] >>> [apiv2][query] GET https://firebaserules.googleapis.com/v1/projects/fir-demo-1f579/releases pageSize=10&pageToken=
[debug] [2022-05-26T10:45:17.451Z] <<< HTTP RESPONSE 200 {"expires":"Mon, 01 Jan 1990 00:00:00 GMT","cache-control":"no-cache, no-store, max-age=0, must-revalidate","pragma":"no-cache","date":"Thu, 26 May 2022 10:44:30 GMT","content-type":"application/json; charset=utf-8","vary":"X-Origin, Referer, Origin,Accept-Encoding","server":"scaffolding on HTTPServer2","x-xss-protection":"0","x-frame-options":"SAMEORIGIN","x-content-type-options":"nosniff","alt-svc":"h3=\":443\"; ma=2592000,h3-29=\":443\"; ma=2592000,h3-Q050=\":443\"; ma=2592000,h3-Q046=\":443\"; ma=2592000,h3-Q043=\":443\"; ma=2592000,quic=\":443\"; ma=2592000; v=\"46,43\"","accept-ranges":"none","transfer-encoding":"chunked"}
[debug] [2022-05-26T10:45:17.480Z] >>> HTTP REQUEST GET https://firestore.googleapis.com/v1/projects/fir-demo-1f579/databases/(default)/collectionGroups/-/indexes  
 
[debug] [2022-05-26T10:45:17.648Z] <<< HTTP RESPONSE 200 {"content-type":"application/json; charset=UTF-8","vary":"X-Origin, Referer, Origin,Accept-Encoding","date":"Thu, 26 May 2022 10:44:30 GMT","server":"ESF","cache-control":"private","x-xss-protection":"0","x-frame-options":"SAMEORIGIN","x-content-type-options":"nosniff","alt-svc":"h3=\":443\"; ma=2592000,h3-29=\":443\"; ma=2592000,h3-Q050=\":443\"; ma=2592000,h3-Q046=\":443\"; ma=2592000,h3-Q043=\":443\"; ma=2592000,quic=\":443\"; ma=2592000; v=\"46,43\"","accept-ranges":"none","transfer-encoding":"chunked"}
[debug] [2022-05-26T10:45:17.649Z] >>> HTTP REQUEST GET https://firestore.googleapis.com/v1/projects/fir-demo-1f579/databases/(default)/collectionGroups/-/fields?filter=indexConfig.usesAncestorConfig=false  
 
[debug] [2022-05-26T10:45:17.837Z] <<< HTTP RESPONSE 200 {"content-type":"application/json; charset=UTF-8","vary":"X-Origin, Referer, Origin,Accept-Encoding","date":"Thu, 26 May 2022 10:44:30 GMT","server":"ESF","cache-control":"private","x-xss-protection":"0","x-frame-options":"SAMEORIGIN","x-content-type-options":"nosniff","alt-svc":"h3=\":443\"; ma=2592000,h3-29=\":443\"; ma=2592000,h3-Q050=\":443\"; ma=2592000,h3-Q046=\":443\"; ma=2592000,h3-Q043=\":443\"; ma=2592000,quic=\":443\"; ma=2592000; v=\"46,43\"","accept-ranges":"none","transfer-encoding":"chunked"}
[debug] [2022-05-26T10:45:17.838Z] Skipping existing index: {"collectionGroup":"things","queryScope":"COLLECTION","fields":[{"fieldPath":"uid","order":"ASCENDING"},{"fieldPath":"createdAt","order":"ASCENDING"}]}
[info] ✔  firestore: deployed indexes in firestore.indexes.json successfully 
[debug] [2022-05-26T10:45:18.040Z] <<< [apiv2][status] GET https://firebaserules.googleapis.com/v1/projects/fir-demo-1f579/releases 200
[debug] [2022-05-26T10:45:18.040Z] <<< [apiv2][body] GET https://firebaserules.googleapis.com/v1/projects/fir-demo-1f579/releases {"releases":[{"name":"projects/fir-demo-1f579/releases/cloud.firestore","rulesetName":"projects/fir-demo-1f579/rulesets/edb8f4da-7b04-4f71-88b9-2b1da794e6ec","createTime":"2022-05-08T12:34:57.105680Z","updateTime":"2022-05-26T10:05:14.479534Z"},{"name":"projects/fir-demo-1f579/releases/firebase.storage/fir-demo-1f579.appspot.com","rulesetName":"projects/fir-demo-1f579/rulesets/354562fb-8a19-48c3-b48e-b01ff16a8a3d","createTime":"2022-05-22T18:26:51.433383Z","updateTime":"2022-05-22T18:26:51.433383Z"}]}
[debug] [2022-05-26T10:45:18.041Z] > refreshing access token with scopes: []
[debug] [2022-05-26T10:45:18.041Z] >>> HTTP REQUEST POST https://www.googleapis.com/oauth2/v3/token  
 <request body omitted>
[debug] [2022-05-26T10:45:18.143Z] <<< HTTP RESPONSE 200 {"date":"Thu, 26 May 2022 10:44:31 GMT","cache-control":"no-cache, no-store, max-age=0, must-revalidate","expires":"Mon, 01 Jan 1990 00:00:00 GMT","pragma":"no-cache","content-type":"application/json; charset=utf-8","vary":"X-Origin, Referer, Origin,Accept-Encoding","server":"scaffolding on HTTPServer2","x-xss-protection":"0","x-frame-options":"SAMEORIGIN","x-content-type-options":"nosniff","alt-svc":"h3=\":443\"; ma=2592000,h3-29=\":443\"; ma=2592000,h3-Q050=\":443\"; ma=2592000,h3-Q046=\":443\"; ma=2592000,h3-Q043=\":443\"; ma=2592000,quic=\":443\"; ma=2592000; v=\"46,43\"","accept-ranges":"none","transfer-encoding":"chunked"}
[debug] [2022-05-26T10:45:18.173Z] >>> [apiv2][query] GET https://firebaserules.googleapis.com/v1/projects/fir-demo-1f579/rulesets/edb8f4da-7b04-4f71-88b9-2b1da794e6ec [none]
[debug] [2022-05-26T10:45:18.973Z] <<< [apiv2][status] GET https://firebaserules.googleapis.com/v1/projects/fir-demo-1f579/rulesets/edb8f4da-7b04-4f71-88b9-2b1da794e6ec 200
[debug] [2022-05-26T10:45:18.973Z] <<< [apiv2][body] GET https://firebaserules.googleapis.com/v1/projects/fir-demo-1f579/rulesets/edb8f4da-7b04-4f71-88b9-2b1da794e6ec [omitted]
[info] i  firestore: latest version of firestore.rules already up to date, skipping upload... 
[debug] [2022-05-26T10:45:18.975Z] >>> [apiv2][query] POST https://cloudfunctions.googleapis.com/v1/projects/fir-demo-1f579/locations/us-central1/functions:generateUploadUrl [none]
[debug] [2022-05-26T10:45:18.975Z] >>> [apiv2][body] POST https://cloudfunctions.googleapis.com/v1/projects/fir-demo-1f579/locations/us-central1/functions:generateUploadUrl {}
[debug] [2022-05-26T10:45:19.696Z] <<< [apiv2][status] POST https://cloudfunctions.googleapis.com/v1/projects/fir-demo-1f579/locations/us-central1/functions:generateUploadUrl 200
[debug] [2022-05-26T10:45:19.696Z] <<< [apiv2][body] POST https://cloudfunctions.googleapis.com/v1/projects/fir-demo-1f579/locations/us-central1/functions:generateUploadUrl {"uploadUrl":"https://storage.googleapis.com/uploads-874433572816.us-central1.cloudfunctions.appspot.com/351ed2bb-6040-4538-9c02-a5a99ab35f35.zip?GoogleAccessId=service-803667900690@gcf-admin-robot.iam.gserviceaccount.com&Expires=1653563672&Signature=SLAq5zDV2gNpshlZtNQd321wMsAXfaaUQO1NEwhCOpnw%2BirmvtrvRspSB7OvqDunmysN61wm9SIMJAN1h3McGzEQJHfJLcpIknuogPWVNuFQBVoCvErcUHtSPfWXGjvMXTSuwiarj%2BJG2LMkxuSOlBDeu6D82zF4REwZ60Ru2O2qWECOa8o0%2FCUJW17XMQjh7TH%2BcPnGJyK4Y6DijDsirBXjYLyU9MPze8je80PxUt6mQLv8Tb6REoACPq0fLfOXFRiJa4LEYRijaLKAT2AtcNFcPToMA8%2Fi8%2B6rgriw0CSTM%2FJiwzx0mCYkAPNJBZl0TJxUglavp6KLVGRX6sOEMw%3D%3D"}
[debug] [2022-05-26T10:45:19.697Z] >>> [apiv2][query] PUT https://storage.googleapis.com/uploads-874433572816.us-central1.cloudfunctions.appspot.com/351ed2bb-6040-4538-9c02-a5a99ab35f35.zip GoogleAccessId=service-803667900690%40gcf-admin-robot.iam.gserviceaccount.com&Expires=1653563672&Signature=SLAq5zDV2gNpshlZtNQd321wMsAXfaaUQO1NEwhCOpnw%2BirmvtrvRspSB7OvqDunmysN61wm9SIMJAN1h3McGzEQJHfJLcpIknuogPWVNuFQBVoCvErcUHtSPfWXGjvMXTSuwiarj%2BJG2LMkxuSOlBDeu6D82zF4REwZ60Ru2O2qWECOa8o0%2FCUJW17XMQjh7TH%2BcPnGJyK4Y6DijDsirBXjYLyU9MPze8je80PxUt6mQLv8Tb6REoACPq0fLfOXFRiJa4LEYRijaLKAT2AtcNFcPToMA8%2Fi8%2B6rgriw0CSTM%2FJiwzx0mCYkAPNJBZl0TJxUglavp6KLVGRX6sOEMw%3D%3D
[debug] [2022-05-26T10:45:19.697Z] >>> [apiv2][body] PUT https://storage.googleapis.com/uploads-874433572816.us-central1.cloudfunctions.appspot.com/351ed2bb-6040-4538-9c02-a5a99ab35f35.zip [stream]
[debug] [2022-05-26T10:45:20.372Z] <<< [apiv2][status] PUT https://storage.googleapis.com/uploads-874433572816.us-central1.cloudfunctions.appspot.com/351ed2bb-6040-4538-9c02-a5a99ab35f35.zip 200
[debug] [2022-05-26T10:45:20.372Z] <<< [apiv2][body] PUT https://storage.googleapis.com/uploads-874433572816.us-central1.cloudfunctions.appspot.com/351ed2bb-6040-4538-9c02-a5a99ab35f35.zip [omitted]
[info] ✔  functions: ./functions folder uploaded successfully 
[info] i  hosting[fir-demo-1f579]: beginning deploy... 
[info] i  hosting[fir-demo-1f579]: found 10 files in public 
[debug] [2022-05-26T10:45:20.379Z] [hosting] uploading with 200 concurrency
[debug] [2022-05-26T10:45:20.388Z] [hosting] hash cache [cHVibGlj] stored for 10 files
[debug] [2022-05-26T10:45:20.388Z] [hosting][hash queue][FINAL] {"max":5,"min":4,"avg":4.4,"active":0,"complete":10,"success":10,"errored":0,"retried":0,"total":10,"elapsed":8}
[debug] [2022-05-26T10:45:20.388Z] >>> [apiv2][query] POST https://firebasehosting.googleapis.com/v1beta1/projects/803667900690/sites/fir-demo-1f579/versions/15083ec2b76fcb75:populateFiles [none]
[debug] [2022-05-26T10:45:20.388Z] >>> [apiv2][body] POST https://firebasehosting.googleapis.com/v1beta1/projects/803667900690/sites/fir-demo-1f579/versions/15083ec2b76fcb75:populateFiles {"files":{"/favicon.png":"de37fe1ebb5a3626a8020f83217dad63fbaec03f492008a519af114a4d0b2ed1","/_app/error.svelte-eacad67e.js":"6838449bf2ad65c0ae47b677b8115914538e7dae95492fd16c7607c32ba4d4f9","/_app/layout.svelte-76e8569c.js":"5c1b75d6d0b0b0d342a2e58488b27101c1d363311c7edb1196081ec2568c2414","/reset.css":"ed940933ecb8e1554dfe6f946e83d93f812ac2ea6b7b3aad7a4fbffac45b7259","/_app/manifest.json":"8a57d2e032cff495c1a756ea0c820cafdfb6a479cddaa39b71beb85f45792be5","/_app/version.json":"0c6140e50f420711bbfaf6b5bb58d91039c1fbfa7d703058219d57be6a600eff","/_app/assets/pages/index.svelte-7f0ec4ea.css":"7c52850d2ff03df5a33767641319c1dbd645745d1d234d9d21b56fa9e9c6ef41","/_app/pages/index.svelte-489881f9.js":"76a0654956745f5d285c559f2cb5ee304f987a190997af66e3d821ba32d19fb3","/_app/chunks/index-62fbe76e.js":"0e91ec88c440a32a937a1ab40150045cd06ba311404628c54267854f349b951d","/_app/start-cf0a1392.js":"f53b68ebb9778e00bfd93b6c1962da7d3174ff3c507999eee7586f134618c36f"}}
[debug] [2022-05-26T10:45:21.532Z] <<< [apiv2][status] POST https://firebasehosting.googleapis.com/v1beta1/projects/803667900690/sites/fir-demo-1f579/versions/15083ec2b76fcb75:populateFiles 200
[debug] [2022-05-26T10:45:21.532Z] <<< [apiv2][body] POST https://firebasehosting.googleapis.com/v1beta1/projects/803667900690/sites/fir-demo-1f579/versions/15083ec2b76fcb75:populateFiles {"uploadRequiredHashes":["8a57d2e032cff495c1a756ea0c820cafdfb6a479cddaa39b71beb85f45792be5","f53b68ebb9778e00bfd93b6c1962da7d3174ff3c507999eee7586f134618c36f","0c6140e50f420711bbfaf6b5bb58d91039c1fbfa7d703058219d57be6a600eff","76a0654956745f5d285c559f2cb5ee304f987a190997af66e3d821ba32d19fb3"],"uploadUrl":"https://upload-firebasehosting.googleapis.com/upload/sites/fir-demo-1f579/versions/15083ec2b76fcb75/files"}
[debug] [2022-05-26T10:45:21.533Z] >>> [apiv2][query] POST https://upload-firebasehosting.googleapis.com/upload/sites/fir-demo-1f579/versions/15083ec2b76fcb75/files/8a57d2e032cff495c1a756ea0c820cafdfb6a479cddaa39b71beb85f45792be5 [none]
[debug] [2022-05-26T10:45:21.534Z] >>> [apiv2][body] POST https://upload-firebasehosting.googleapis.com/upload/sites/fir-demo-1f579/versions/15083ec2b76fcb75/files/8a57d2e032cff495c1a756ea0c820cafdfb6a479cddaa39b71beb85f45792be5 [stream]
[debug] [2022-05-26T10:45:21.535Z] >>> [apiv2][query] POST https://upload-firebasehosting.googleapis.com/upload/sites/fir-demo-1f579/versions/15083ec2b76fcb75/files/f53b68ebb9778e00bfd93b6c1962da7d3174ff3c507999eee7586f134618c36f [none]
[debug] [2022-05-26T10:45:21.535Z] >>> [apiv2][body] POST https://upload-firebasehosting.googleapis.com/upload/sites/fir-demo-1f579/versions/15083ec2b76fcb75/files/f53b68ebb9778e00bfd93b6c1962da7d3174ff3c507999eee7586f134618c36f [stream]
[debug] [2022-05-26T10:45:21.536Z] >>> [apiv2][query] POST https://upload-firebasehosting.googleapis.com/upload/sites/fir-demo-1f579/versions/15083ec2b76fcb75/files/0c6140e50f420711bbfaf6b5bb58d91039c1fbfa7d703058219d57be6a600eff [none]
[debug] [2022-05-26T10:45:21.536Z] >>> [apiv2][body] POST https://upload-firebasehosting.googleapis.com/upload/sites/fir-demo-1f579/versions/15083ec2b76fcb75/files/0c6140e50f420711bbfaf6b5bb58d91039c1fbfa7d703058219d57be6a600eff [stream]
[debug] [2022-05-26T10:45:21.537Z] >>> [apiv2][query] POST https://upload-firebasehosting.googleapis.com/upload/sites/fir-demo-1f579/versions/15083ec2b76fcb75/files/76a0654956745f5d285c559f2cb5ee304f987a190997af66e3d821ba32d19fb3 [none]
[debug] [2022-05-26T10:45:21.537Z] >>> [apiv2][body] POST https://upload-firebasehosting.googleapis.com/upload/sites/fir-demo-1f579/versions/15083ec2b76fcb75/files/76a0654956745f5d285c559f2cb5ee304f987a190997af66e3d821ba32d19fb3 [stream]
[debug] [2022-05-26T10:45:21.537Z] [hosting][populate queue][FINAL] {"max":1146,"min":1146,"avg":1146,"active":0,"complete":1,"success":1,"errored":0,"retried":0,"total":1,"elapsed":1150}
[debug] [2022-05-26T10:45:21.537Z] [hosting] uploads queued: 4
[debug] [2022-05-26T10:45:22.873Z] <<< [apiv2][status] POST https://upload-firebasehosting.googleapis.com/upload/sites/fir-demo-1f579/versions/15083ec2b76fcb75/files/76a0654956745f5d285c559f2cb5ee304f987a190997af66e3d821ba32d19fb3 200
[debug] [2022-05-26T10:45:22.873Z] <<< [apiv2][body] POST https://upload-firebasehosting.googleapis.com/upload/sites/fir-demo-1f579/versions/15083ec2b76fcb75/files/76a0654956745f5d285c559f2cb5ee304f987a190997af66e3d821ba32d19fb3 [stream]
[debug] [2022-05-26T10:45:22.874Z] <<< [apiv2][status] POST https://upload-firebasehosting.googleapis.com/upload/sites/fir-demo-1f579/versions/15083ec2b76fcb75/files/8a57d2e032cff495c1a756ea0c820cafdfb6a479cddaa39b71beb85f45792be5 200
[debug] [2022-05-26T10:45:22.874Z] <<< [apiv2][body] POST https://upload-firebasehosting.googleapis.com/upload/sites/fir-demo-1f579/versions/15083ec2b76fcb75/files/8a57d2e032cff495c1a756ea0c820cafdfb6a479cddaa39b71beb85f45792be5 [stream]
[debug] [2022-05-26T10:45:22.874Z] <<< [apiv2][status] POST https://upload-firebasehosting.googleapis.com/upload/sites/fir-demo-1f579/versions/15083ec2b76fcb75/files/f53b68ebb9778e00bfd93b6c1962da7d3174ff3c507999eee7586f134618c36f 200
[debug] [2022-05-26T10:45:22.874Z] <<< [apiv2][body] POST https://upload-firebasehosting.googleapis.com/upload/sites/fir-demo-1f579/versions/15083ec2b76fcb75/files/f53b68ebb9778e00bfd93b6c1962da7d3174ff3c507999eee7586f134618c36f [stream]
[debug] [2022-05-26T10:45:22.880Z] <<< [apiv2][status] POST https://upload-firebasehosting.googleapis.com/upload/sites/fir-demo-1f579/versions/15083ec2b76fcb75/files/0c6140e50f420711bbfaf6b5bb58d91039c1fbfa7d703058219d57be6a600eff 200
[debug] [2022-05-26T10:45:22.880Z] <<< [apiv2][body] POST https://upload-firebasehosting.googleapis.com/upload/sites/fir-demo-1f579/versions/15083ec2b76fcb75/files/0c6140e50f420711bbfaf6b5bb58d91039c1fbfa7d703058219d57be6a600eff [stream]
[debug] [2022-05-26T10:45:22.880Z] [hosting][upload queue][FINAL] {"max":1347,"min":1340,"avg":1342.25,"active":0,"complete":4,"success":4,"errored":0,"retried":0,"total":4,"elapsed":1348}
[info] ✔  hosting[fir-demo-1f579]: file upload complete 
[debug] [2022-05-26T10:45:22.880Z] [hosting] deploy completed after 2507ms
[debug] [2022-05-26T10:45:22.882Z] [rules] releasing cloud.firestore with ruleset projects/fir-demo-1f579/rulesets/edb8f4da-7b04-4f71-88b9-2b1da794e6ec
[debug] [2022-05-26T10:45:22.882Z] >>> [apiv2][query] PATCH https://firebaserules.googleapis.com/v1/projects/fir-demo-1f579/releases/cloud.firestore [none]
[debug] [2022-05-26T10:45:22.883Z] >>> [apiv2][body] PATCH https://firebaserules.googleapis.com/v1/projects/fir-demo-1f579/releases/cloud.firestore {"release":{"name":"projects/fir-demo-1f579/releases/cloud.firestore","rulesetName":"projects/fir-demo-1f579/rulesets/edb8f4da-7b04-4f71-88b9-2b1da794e6ec"}}
[debug] [2022-05-26T10:45:23.763Z] <<< [apiv2][status] PATCH https://firebaserules.googleapis.com/v1/projects/fir-demo-1f579/releases/cloud.firestore 200
[debug] [2022-05-26T10:45:23.763Z] <<< [apiv2][body] PATCH https://firebaserules.googleapis.com/v1/projects/fir-demo-1f579/releases/cloud.firestore {"name":"projects/fir-demo-1f579/releases/cloud.firestore","rulesetName":"projects/fir-demo-1f579/rulesets/edb8f4da-7b04-4f71-88b9-2b1da794e6ec","createTime":"2022-05-08T12:34:57.105680Z","updateTime":"2022-05-26T10:44:36.761991Z"}
[debug] [2022-05-26T10:45:23.764Z] [rules] updated release projects/fir-demo-1f579/releases/cloud.firestore
[info] ✔  firestore: released rules firestore.rules to cloud.firestore 
[info] i  functions: updating Node.js 16 function app(us-central1)... 
[debug] [2022-05-26T10:45:23.767Z] >>> [apiv2][query] PATCH https://cloudfunctions.googleapis.com/v1/projects/fir-demo-1f579/locations/us-central1/functions/app updateMask=name%2CsourceUploadUrl%2CentryPoint%2Cruntime%2Clabels%2ChttpsTrigger.securityLevel%2CavailableMemoryMb%2CenvironmentVariables%2CsourceToken
[debug] [2022-05-26T10:45:23.767Z] >>> [apiv2][body] PATCH https://cloudfunctions.googleapis.com/v1/projects/fir-demo-1f579/locations/us-central1/functions/app {"name":"projects/fir-demo-1f579/locations/us-central1/functions/app","sourceUploadUrl":"https://storage.googleapis.com/uploads-874433572816.us-central1.cloudfunctions.appspot.com/351ed2bb-6040-4538-9c02-a5a99ab35f35.zip?GoogleAccessId=service-803667900690@gcf-admin-robot.iam.gserviceaccount.com&Expires=1653563672&Signature=SLAq5zDV2gNpshlZtNQd321wMsAXfaaUQO1NEwhCOpnw%2BirmvtrvRspSB7OvqDunmysN61wm9SIMJAN1h3McGzEQJHfJLcpIknuogPWVNuFQBVoCvErcUHtSPfWXGjvMXTSuwiarj%2BJG2LMkxuSOlBDeu6D82zF4REwZ60Ru2O2qWECOa8o0%2FCUJW17XMQjh7TH%2BcPnGJyK4Y6DijDsirBXjYLyU9MPze8je80PxUt6mQLv8Tb6REoACPq0fLfOXFRiJa4LEYRijaLKAT2AtcNFcPToMA8%2Fi8%2B6rgriw0CSTM%2FJiwzx0mCYkAPNJBZl0TJxUglavp6KLVGRX6sOEMw%3D%3D","entryPoint":"app","runtime":"nodejs16","labels":{"deployment-tool":"cli-firebase"},"httpsTrigger":{"securityLevel":"SECURE_ALWAYS"},"availableMemoryMb":256,"environmentVariables":{"FIREBASE_CONFIG":"{\"projectId\":\"fir-demo-1f579\",\"storageBucket\":\"fir-demo-1f579.appspot.com\",\"locationId\":\"europe-west\"}","GCLOUD_PROJECT":"fir-demo-1f579"}}
[debug] [2022-05-26T10:45:24.263Z] <<< [apiv2][status] PATCH https://cloudfunctions.googleapis.com/v1/projects/fir-demo-1f579/locations/us-central1/functions/app 200
[debug] [2022-05-26T10:45:24.263Z] <<< [apiv2][body] PATCH https://cloudfunctions.googleapis.com/v1/projects/fir-demo-1f579/locations/us-central1/functions/app {"name":"operations/ZmlyLWRlbW8tMWY1NzkvdXMtY2VudHJhbDEvYXBwL19xZEFsYnpBM1VN","metadata":{"@type":"type.googleapis.com/google.cloud.functions.v1.OperationMetadataV1","target":"projects/fir-demo-1f579/locations/us-central1/functions/app","type":"UPDATE_FUNCTION","request":{"@type":"type.googleapis.com/google.cloud.functions.v1.CloudFunction","name":"projects/fir-demo-1f579/locations/us-central1/functions/app","httpsTrigger":{"url":"https://us-central1-fir-demo-1f579.cloudfunctions.net/app","securityLevel":"SECURE_ALWAYS"},"status":"ACTIVE","entryPoint":"app","timeout":"60s","availableMemoryMb":256,"serviceAccountEmail":"fir-demo-1f579@appspot.gserviceaccount.com","updateTime":"2022-05-26T10:06:25.217Z","versionId":"22","labels":{"deployment-tool":"cli-firebase"},"sourceUploadUrl":"https://storage.googleapis.com/uploads-874433572816.us-central1.cloudfunctions.appspot.com/351ed2bb-6040-4538-9c02-a5a99ab35f35.zip?GoogleAccessId=service-803667900690@gcf-admin-robot.iam.gserviceaccount.com&Expires=1653563672&Signature=SLAq5zDV2gNpshlZtNQd321wMsAXfaaUQO1NEwhCOpnw%2BirmvtrvRspSB7OvqDunmysN61wm9SIMJAN1h3McGzEQJHfJLcpIknuogPWVNuFQBVoCvErcUHtSPfWXGjvMXTSuwiarj%2BJG2LMkxuSOlBDeu6D82zF4REwZ60Ru2O2qWECOa8o0%2FCUJW17XMQjh7TH%2BcPnGJyK4Y6DijDsirBXjYLyU9MPze8je80PxUt6mQLv8Tb6REoACPq0fLfOXFRiJa4LEYRijaLKAT2AtcNFcPToMA8%2Fi8%2B6rgriw0CSTM%2FJiwzx0mCYkAPNJBZl0TJxUglavp6KLVGRX6sOEMw%3D%3D","environmentVariables":{"FIREBASE_CONFIG":"{\"projectId\":\"fir-demo-1f579\",\"storageBucket\":\"fir-demo-1f579.appspot.com\",\"locationId\":\"europe-west\"}","GCLOUD_PROJECT":"fir-demo-1f579"},"runtime":"nodejs16","ingressSettings":"ALLOW_ALL","buildId":"263f0524-51ec-4def-983b-ff645ba557ec","buildName":"projects/803667900690/locations/us-central1/builds/263f0524-51ec-4def-983b-ff645ba557ec","dockerRegistry":"CONTAINER_REGISTRY"},"versionId":"23","updateTime":"2022-05-26T10:44:37Z"}}
[debug] [2022-05-26T10:45:24.264Z] >>> [apiv2][query] GET https://cloudfunctions.googleapis.com/v1/operations/ZmlyLWRlbW8tMWY1NzkvdXMtY2VudHJhbDEvYXBwL19xZEFsYnpBM1VN [none]
[debug] [2022-05-26T10:45:24.616Z] <<< [apiv2][status] GET https://cloudfunctions.googleapis.com/v1/operations/ZmlyLWRlbW8tMWY1NzkvdXMtY2VudHJhbDEvYXBwL19xZEFsYnpBM1VN 200
[debug] [2022-05-26T10:45:24.616Z] <<< [apiv2][body] GET https://cloudfunctions.googleapis.com/v1/operations/ZmlyLWRlbW8tMWY1NzkvdXMtY2VudHJhbDEvYXBwL19xZEFsYnpBM1VN {"name":"operations/ZmlyLWRlbW8tMWY1NzkvdXMtY2VudHJhbDEvYXBwL19xZEFsYnpBM1VN","metadata":{"@type":"type.googleapis.com/google.cloud.functions.v1.OperationMetadataV1","target":"projects/fir-demo-1f579/locations/us-central1/functions/app","type":"UPDATE_FUNCTION","request":{"@type":"type.googleapis.com/google.cloud.functions.v1.CloudFunction","name":"projects/fir-demo-1f579/locations/us-central1/functions/app","httpsTrigger":{"url":"https://us-central1-fir-demo-1f579.cloudfunctions.net/app","securityLevel":"SECURE_ALWAYS"},"status":"ACTIVE","entryPoint":"app","timeout":"60s","availableMemoryMb":256,"serviceAccountEmail":"fir-demo-1f579@appspot.gserviceaccount.com","updateTime":"2022-05-26T10:06:25.217Z","versionId":"22","labels":{"deployment-tool":"cli-firebase"},"sourceUploadUrl":"https://storage.googleapis.com/uploads-874433572816.us-central1.cloudfunctions.appspot.com/351ed2bb-6040-4538-9c02-a5a99ab35f35.zip?GoogleAccessId=service-803667900690@gcf-admin-robot.iam.gserviceaccount.com&Expires=1653563672&Signature=SLAq5zDV2gNpshlZtNQd321wMsAXfaaUQO1NEwhCOpnw%2BirmvtrvRspSB7OvqDunmysN61wm9SIMJAN1h3McGzEQJHfJLcpIknuogPWVNuFQBVoCvErcUHtSPfWXGjvMXTSuwiarj%2BJG2LMkxuSOlBDeu6D82zF4REwZ60Ru2O2qWECOa8o0%2FCUJW17XMQjh7TH%2BcPnGJyK4Y6DijDsirBXjYLyU9MPze8je80PxUt6mQLv8Tb6REoACPq0fLfOXFRiJa4LEYRijaLKAT2AtcNFcPToMA8%2Fi8%2B6rgriw0CSTM%2FJiwzx0mCYkAPNJBZl0TJxUglavp6KLVGRX6sOEMw%3D%3D","environmentVariables":{"FIREBASE_CONFIG":"{\"projectId\":\"fir-demo-1f579\",\"storageBucket\":\"fir-demo-1f579.appspot.com\",\"locationId\":\"europe-west\"}","GCLOUD_PROJECT":"fir-demo-1f579"},"runtime":"nodejs16","ingressSettings":"ALLOW_ALL","buildId":"263f0524-51ec-4def-983b-ff645ba557ec","buildName":"projects/803667900690/locations/us-central1/builds/263f0524-51ec-4def-983b-ff645ba557ec","dockerRegistry":"CONTAINER_REGISTRY"},"versionId":"23","updateTime":"2022-05-26T10:44:37Z"}}
[debug] [2022-05-26T10:45:25.120Z] [update-default-us-central1-app] Retrying task index 0
[debug] [2022-05-26T10:45:25.120Z] >>> [apiv2][query] GET https://cloudfunctions.googleapis.com/v1/operations/ZmlyLWRlbW8tMWY1NzkvdXMtY2VudHJhbDEvYXBwL19xZEFsYnpBM1VN [none]
[debug] [2022-05-26T10:45:25.349Z] <<< [apiv2][status] GET https://cloudfunctions.googleapis.com/v1/operations/ZmlyLWRlbW8tMWY1NzkvdXMtY2VudHJhbDEvYXBwL19xZEFsYnpBM1VN 200
[debug] [2022-05-26T10:45:25.349Z] <<< [apiv2][body] GET https://cloudfunctions.googleapis.com/v1/operations/ZmlyLWRlbW8tMWY1NzkvdXMtY2VudHJhbDEvYXBwL19xZEFsYnpBM1VN {"name":"operations/ZmlyLWRlbW8tMWY1NzkvdXMtY2VudHJhbDEvYXBwL19xZEFsYnpBM1VN","metadata":{"@type":"type.googleapis.com/google.cloud.functions.v1.OperationMetadataV1","target":"projects/fir-demo-1f579/locations/us-central1/functions/app","type":"UPDATE_FUNCTION","request":{"@type":"type.googleapis.com/google.cloud.functions.v1.CloudFunction","name":"projects/fir-demo-1f579/locations/us-central1/functions/app","httpsTrigger":{"url":"https://us-central1-fir-demo-1f579.cloudfunctions.net/app","securityLevel":"SECURE_ALWAYS"},"status":"ACTIVE","entryPoint":"app","timeout":"60s","availableMemoryMb":256,"serviceAccountEmail":"fir-demo-1f579@appspot.gserviceaccount.com","updateTime":"2022-05-26T10:06:25.217Z","versionId":"22","labels":{"deployment-tool":"cli-firebase"},"sourceUploadUrl":"https://storage.googleapis.com/uploads-874433572816.us-central1.cloudfunctions.appspot.com/351ed2bb-6040-4538-9c02-a5a99ab35f35.zip?GoogleAccessId=service-803667900690@gcf-admin-robot.iam.gserviceaccount.com&Expires=1653563672&Signature=SLAq5zDV2gNpshlZtNQd321wMsAXfaaUQO1NEwhCOpnw%2BirmvtrvRspSB7OvqDunmysN61wm9SIMJAN1h3McGzEQJHfJLcpIknuogPWVNuFQBVoCvErcUHtSPfWXGjvMXTSuwiarj%2BJG2LMkxuSOlBDeu6D82zF4REwZ60Ru2O2qWECOa8o0%2FCUJW17XMQjh7TH%2BcPnGJyK4Y6DijDsirBXjYLyU9MPze8je80PxUt6mQLv8Tb6REoACPq0fLfOXFRiJa4LEYRijaLKAT2AtcNFcPToMA8%2Fi8%2B6rgriw0CSTM%2FJiwzx0mCYkAPNJBZl0TJxUglavp6KLVGRX6sOEMw%3D%3D","environmentVariables":{"FIREBASE_CONFIG":"{\"projectId\":\"fir-demo-1f579\",\"storageBucket\":\"fir-demo-1f579.appspot.com\",\"locationId\":\"europe-west\"}","GCLOUD_PROJECT":"fir-demo-1f579"},"runtime":"nodejs16","ingressSettings":"ALLOW_ALL","buildId":"263f0524-51ec-4def-983b-ff645ba557ec","buildName":"projects/803667900690/locations/us-central1/builds/263f0524-51ec-4def-983b-ff645ba557ec","dockerRegistry":"CONTAINER_REGISTRY"},"versionId":"23","updateTime":"2022-05-26T10:44:37Z","buildId":"dabebf83-1e3b-421f-84f5-09e09045cc90","buildName":"projects/803667900690/locations/us-central1/builds/dabebf83-1e3b-421f-84f5-09e09045cc90"}}
[debug] [2022-05-26T10:45:26.353Z] [update-default-us-central1-app] Retrying task index 0
[debug] [2022-05-26T10:45:26.354Z] >>> [apiv2][query] GET https://cloudfunctions.googleapis.com/v1/operations/ZmlyLWRlbW8tMWY1NzkvdXMtY2VudHJhbDEvYXBwL19xZEFsYnpBM1VN [none]
[debug] [2022-05-26T10:45:26.610Z] <<< [apiv2][status] GET https://cloudfunctions.googleapis.com/v1/operations/ZmlyLWRlbW8tMWY1NzkvdXMtY2VudHJhbDEvYXBwL19xZEFsYnpBM1VN 200
[debug] [2022-05-26T10:45:26.610Z] <<< [apiv2][body] GET https://cloudfunctions.googleapis.com/v1/operations/ZmlyLWRlbW8tMWY1NzkvdXMtY2VudHJhbDEvYXBwL19xZEFsYnpBM1VN {"name":"operations/ZmlyLWRlbW8tMWY1NzkvdXMtY2VudHJhbDEvYXBwL19xZEFsYnpBM1VN","metadata":{"@type":"type.googleapis.com/google.cloud.functions.v1.OperationMetadataV1","target":"projects/fir-demo-1f579/locations/us-central1/functions/app","type":"UPDATE_FUNCTION","request":{"@type":"type.googleapis.com/google.cloud.functions.v1.CloudFunction","name":"projects/fir-demo-1f579/locations/us-central1/functions/app","httpsTrigger":{"url":"https://us-central1-fir-demo-1f579.cloudfunctions.net/app","securityLevel":"SECURE_ALWAYS"},"status":"ACTIVE","entryPoint":"app","timeout":"60s","availableMemoryMb":256,"serviceAccountEmail":"fir-demo-1f579@appspot.gserviceaccount.com","updateTime":"2022-05-26T10:06:25.217Z","versionId":"22","labels":{"deployment-tool":"cli-firebase"},"sourceUploadUrl":"https://storage.googleapis.com/uploads-874433572816.us-central1.cloudfunctions.appspot.com/351ed2bb-6040-4538-9c02-a5a99ab35f35.zip?GoogleAccessId=service-803667900690@gcf-admin-robot.iam.gserviceaccount.com&Expires=1653563672&Signature=SLAq5zDV2gNpshlZtNQd321wMsAXfaaUQO1NEwhCOpnw%2BirmvtrvRspSB7OvqDunmysN61wm9SIMJAN1h3McGzEQJHfJLcpIknuogPWVNuFQBVoCvErcUHtSPfWXGjvMXTSuwiarj%2BJG2LMkxuSOlBDeu6D82zF4REwZ60Ru2O2qWECOa8o0%2FCUJW17XMQjh7TH%2BcPnGJyK4Y6DijDsirBXjYLyU9MPze8je80PxUt6mQLv8Tb6REoACPq0fLfOXFRiJa4LEYRijaLKAT2AtcNFcPToMA8%2Fi8%2B6rgriw0CSTM%2FJiwzx0mCYkAPNJBZl0TJxUglavp6KLVGRX6sOEMw%3D%3D","environmentVariables":{"FIREBASE_CONFIG":"{\"projectId\":\"fir-demo-1f579\",\"storageBucket\":\"fir-demo-1f579.appspot.com\",\"locationId\":\"europe-west\"}","GCLOUD_PROJECT":"fir-demo-1f579"},"runtime":"nodejs16","ingressSettings":"ALLOW_ALL","buildId":"263f0524-51ec-4def-983b-ff645ba557ec","buildName":"projects/803667900690/locations/us-central1/builds/263f0524-51ec-4def-983b-ff645ba557ec","dockerRegistry":"CONTAINER_REGISTRY"},"versionId":"23","updateTime":"2022-05-26T10:44:37Z","buildId":"dabebf83-1e3b-421f-84f5-09e09045cc90","buildName":"projects/803667900690/locations/us-central1/builds/dabebf83-1e3b-421f-84f5-09e09045cc90"}}
[debug] [2022-05-26T10:45:28.613Z] [update-default-us-central1-app] Retrying task index 0
[debug] [2022-05-26T10:45:28.613Z] >>> [apiv2][query] GET https://cloudfunctions.googleapis.com/v1/operations/ZmlyLWRlbW8tMWY1NzkvdXMtY2VudHJhbDEvYXBwL19xZEFsYnpBM1VN [none]
[debug] [2022-05-26T10:45:28.897Z] <<< [apiv2][status] GET https://cloudfunctions.googleapis.com/v1/operations/ZmlyLWRlbW8tMWY1NzkvdXMtY2VudHJhbDEvYXBwL19xZEFsYnpBM1VN 200
[debug] [2022-05-26T10:45:28.898Z] <<< [apiv2][body] GET https://cloudfunctions.googleapis.com/v1/operations/ZmlyLWRlbW8tMWY1NzkvdXMtY2VudHJhbDEvYXBwL19xZEFsYnpBM1VN {"name":"operations/ZmlyLWRlbW8tMWY1NzkvdXMtY2VudHJhbDEvYXBwL19xZEFsYnpBM1VN","metadata":{"@type":"type.googleapis.com/google.cloud.functions.v1.OperationMetadataV1","target":"projects/fir-demo-1f579/locations/us-central1/functions/app","type":"UPDATE_FUNCTION","request":{"@type":"type.googleapis.com/google.cloud.functions.v1.CloudFunction","name":"projects/fir-demo-1f579/locations/us-central1/functions/app","httpsTrigger":{"url":"https://us-central1-fir-demo-1f579.cloudfunctions.net/app","securityLevel":"SECURE_ALWAYS"},"status":"ACTIVE","entryPoint":"app","timeout":"60s","availableMemoryMb":256,"serviceAccountEmail":"fir-demo-1f579@appspot.gserviceaccount.com","updateTime":"2022-05-26T10:06:25.217Z","versionId":"22","labels":{"deployment-tool":"cli-firebase"},"sourceUploadUrl":"https://storage.googleapis.com/uploads-874433572816.us-central1.cloudfunctions.appspot.com/351ed2bb-6040-4538-9c02-a5a99ab35f35.zip?GoogleAccessId=service-803667900690@gcf-admin-robot.iam.gserviceaccount.com&Expires=1653563672&Signature=SLAq5zDV2gNpshlZtNQd321wMsAXfaaUQO1NEwhCOpnw%2BirmvtrvRspSB7OvqDunmysN61wm9SIMJAN1h3McGzEQJHfJLcpIknuogPWVNuFQBVoCvErcUHtSPfWXGjvMXTSuwiarj%2BJG2LMkxuSOlBDeu6D82zF4REwZ60Ru2O2qWECOa8o0%2FCUJW17XMQjh7TH%2BcPnGJyK4Y6DijDsirBXjYLyU9MPze8je80PxUt6mQLv8Tb6REoACPq0fLfOXFRiJa4LEYRijaLKAT2AtcNFcPToMA8%2Fi8%2B6rgriw0CSTM%2FJiwzx0mCYkAPNJBZl0TJxUglavp6KLVGRX6sOEMw%3D%3D","environmentVariables":{"FIREBASE_CONFIG":"{\"projectId\":\"fir-demo-1f579\",\"storageBucket\":\"fir-demo-1f579.appspot.com\",\"locationId\":\"europe-west\"}","GCLOUD_PROJECT":"fir-demo-1f579"},"runtime":"nodejs16","ingressSettings":"ALLOW_ALL","buildId":"263f0524-51ec-4def-983b-ff645ba557ec","buildName":"projects/803667900690/locations/us-central1/builds/263f0524-51ec-4def-983b-ff645ba557ec","dockerRegistry":"CONTAINER_REGISTRY"},"versionId":"23","updateTime":"2022-05-26T10:44:37Z","buildId":"dabebf83-1e3b-421f-84f5-09e09045cc90","buildName":"projects/803667900690/locations/us-central1/builds/dabebf83-1e3b-421f-84f5-09e09045cc90"}}
[debug] [2022-05-26T10:45:32.903Z] [update-default-us-central1-app] Retrying task index 0
[debug] [2022-05-26T10:45:32.904Z] >>> [apiv2][query] GET https://cloudfunctions.googleapis.com/v1/operations/ZmlyLWRlbW8tMWY1NzkvdXMtY2VudHJhbDEvYXBwL19xZEFsYnpBM1VN [none]
[debug] [2022-05-26T10:45:33.548Z] <<< [apiv2][status] GET https://cloudfunctions.googleapis.com/v1/operations/ZmlyLWRlbW8tMWY1NzkvdXMtY2VudHJhbDEvYXBwL19xZEFsYnpBM1VN 200
[debug] [2022-05-26T10:45:33.548Z] <<< [apiv2][body] GET https://cloudfunctions.googleapis.com/v1/operations/ZmlyLWRlbW8tMWY1NzkvdXMtY2VudHJhbDEvYXBwL19xZEFsYnpBM1VN {"name":"operations/ZmlyLWRlbW8tMWY1NzkvdXMtY2VudHJhbDEvYXBwL19xZEFsYnpBM1VN","metadata":{"@type":"type.googleapis.com/google.cloud.functions.v1.OperationMetadataV1","target":"projects/fir-demo-1f579/locations/us-central1/functions/app","type":"UPDATE_FUNCTION","request":{"@type":"type.googleapis.com/google.cloud.functions.v1.CloudFunction","name":"projects/fir-demo-1f579/locations/us-central1/functions/app","httpsTrigger":{"url":"https://us-central1-fir-demo-1f579.cloudfunctions.net/app","securityLevel":"SECURE_ALWAYS"},"status":"ACTIVE","entryPoint":"app","timeout":"60s","availableMemoryMb":256,"serviceAccountEmail":"fir-demo-1f579@appspot.gserviceaccount.com","updateTime":"2022-05-26T10:06:25.217Z","versionId":"22","labels":{"deployment-tool":"cli-firebase"},"sourceUploadUrl":"https://storage.googleapis.com/uploads-874433572816.us-central1.cloudfunctions.appspot.com/351ed2bb-6040-4538-9c02-a5a99ab35f35.zip?GoogleAccessId=service-803667900690@gcf-admin-robot.iam.gserviceaccount.com&Expires=1653563672&Signature=SLAq5zDV2gNpshlZtNQd321wMsAXfaaUQO1NEwhCOpnw%2BirmvtrvRspSB7OvqDunmysN61wm9SIMJAN1h3McGzEQJHfJLcpIknuogPWVNuFQBVoCvErcUHtSPfWXGjvMXTSuwiarj%2BJG2LMkxuSOlBDeu6D82zF4REwZ60Ru2O2qWECOa8o0%2FCUJW17XMQjh7TH%2BcPnGJyK4Y6DijDsirBXjYLyU9MPze8je80PxUt6mQLv8Tb6REoACPq0fLfOXFRiJa4LEYRijaLKAT2AtcNFcPToMA8%2Fi8%2B6rgriw0CSTM%2FJiwzx0mCYkAPNJBZl0TJxUglavp6KLVGRX6sOEMw%3D%3D","environmentVariables":{"FIREBASE_CONFIG":"{\"projectId\":\"fir-demo-1f579\",\"storageBucket\":\"fir-demo-1f579.appspot.com\",\"locationId\":\"europe-west\"}","GCLOUD_PROJECT":"fir-demo-1f579"},"runtime":"nodejs16","ingressSettings":"ALLOW_ALL","buildId":"263f0524-51ec-4def-983b-ff645ba557ec","buildName":"projects/803667900690/locations/us-central1/builds/263f0524-51ec-4def-983b-ff645ba557ec","dockerRegistry":"CONTAINER_REGISTRY"},"versionId":"23","updateTime":"2022-05-26T10:44:37Z","buildId":"dabebf83-1e3b-421f-84f5-09e09045cc90","buildName":"projects/803667900690/locations/us-central1/builds/dabebf83-1e3b-421f-84f5-09e09045cc90"}}
[debug] [2022-05-26T10:45:41.549Z] [update-default-us-central1-app] Retrying task index 0
[debug] [2022-05-26T10:45:41.550Z] >>> [apiv2][query] GET https://cloudfunctions.googleapis.com/v1/operations/ZmlyLWRlbW8tMWY1NzkvdXMtY2VudHJhbDEvYXBwL19xZEFsYnpBM1VN [none]
[debug] [2022-05-26T10:45:41.935Z] <<< [apiv2][status] GET https://cloudfunctions.googleapis.com/v1/operations/ZmlyLWRlbW8tMWY1NzkvdXMtY2VudHJhbDEvYXBwL19xZEFsYnpBM1VN 200
[debug] [2022-05-26T10:45:41.935Z] <<< [apiv2][body] GET https://cloudfunctions.googleapis.com/v1/operations/ZmlyLWRlbW8tMWY1NzkvdXMtY2VudHJhbDEvYXBwL19xZEFsYnpBM1VN {"name":"operations/ZmlyLWRlbW8tMWY1NzkvdXMtY2VudHJhbDEvYXBwL19xZEFsYnpBM1VN","metadata":{"@type":"type.googleapis.com/google.cloud.functions.v1.OperationMetadataV1","target":"projects/fir-demo-1f579/locations/us-central1/functions/app","type":"UPDATE_FUNCTION","request":{"@type":"type.googleapis.com/google.cloud.functions.v1.CloudFunction","name":"projects/fir-demo-1f579/locations/us-central1/functions/app","httpsTrigger":{"url":"https://us-central1-fir-demo-1f579.cloudfunctions.net/app","securityLevel":"SECURE_ALWAYS"},"status":"ACTIVE","entryPoint":"app","timeout":"60s","availableMemoryMb":256,"serviceAccountEmail":"fir-demo-1f579@appspot.gserviceaccount.com","updateTime":"2022-05-26T10:06:25.217Z","versionId":"22","labels":{"deployment-tool":"cli-firebase"},"sourceUploadUrl":"https://storage.googleapis.com/uploads-874433572816.us-central1.cloudfunctions.appspot.com/351ed2bb-6040-4538-9c02-a5a99ab35f35.zip?GoogleAccessId=service-803667900690@gcf-admin-robot.iam.gserviceaccount.com&Expires=1653563672&Signature=SLAq5zDV2gNpshlZtNQd321wMsAXfaaUQO1NEwhCOpnw%2BirmvtrvRspSB7OvqDunmysN61wm9SIMJAN1h3McGzEQJHfJLcpIknuogPWVNuFQBVoCvErcUHtSPfWXGjvMXTSuwiarj%2BJG2LMkxuSOlBDeu6D82zF4REwZ60Ru2O2qWECOa8o0%2FCUJW17XMQjh7TH%2BcPnGJyK4Y6DijDsirBXjYLyU9MPze8je80PxUt6mQLv8Tb6REoACPq0fLfOXFRiJa4LEYRijaLKAT2AtcNFcPToMA8%2Fi8%2B6rgriw0CSTM%2FJiwzx0mCYkAPNJBZl0TJxUglavp6KLVGRX6sOEMw%3D%3D","environmentVariables":{"FIREBASE_CONFIG":"{\"projectId\":\"fir-demo-1f579\",\"storageBucket\":\"fir-demo-1f579.appspot.com\",\"locationId\":\"europe-west\"}","GCLOUD_PROJECT":"fir-demo-1f579"},"runtime":"nodejs16","ingressSettings":"ALLOW_ALL","buildId":"263f0524-51ec-4def-983b-ff645ba557ec","buildName":"projects/803667900690/locations/us-central1/builds/263f0524-51ec-4def-983b-ff645ba557ec","dockerRegistry":"CONTAINER_REGISTRY"},"versionId":"23","updateTime":"2022-05-26T10:44:37Z","buildId":"dabebf83-1e3b-421f-84f5-09e09045cc90","buildName":"projects/803667900690/locations/us-central1/builds/dabebf83-1e3b-421f-84f5-09e09045cc90"}}
[debug] [2022-05-26T10:45:51.937Z] [update-default-us-central1-app] Retrying task index 0
[debug] [2022-05-26T10:45:51.937Z] >>> [apiv2][query] GET https://cloudfunctions.googleapis.com/v1/operations/ZmlyLWRlbW8tMWY1NzkvdXMtY2VudHJhbDEvYXBwL19xZEFsYnpBM1VN [none]
[debug] [2022-05-26T10:45:52.257Z] <<< [apiv2][status] GET https://cloudfunctions.googleapis.com/v1/operations/ZmlyLWRlbW8tMWY1NzkvdXMtY2VudHJhbDEvYXBwL19xZEFsYnpBM1VN 200
[debug] [2022-05-26T10:45:52.257Z] <<< [apiv2][body] GET https://cloudfunctions.googleapis.com/v1/operations/ZmlyLWRlbW8tMWY1NzkvdXMtY2VudHJhbDEvYXBwL19xZEFsYnpBM1VN {"name":"operations/ZmlyLWRlbW8tMWY1NzkvdXMtY2VudHJhbDEvYXBwL19xZEFsYnpBM1VN","metadata":{"@type":"type.googleapis.com/google.cloud.functions.v1.OperationMetadataV1","target":"projects/fir-demo-1f579/locations/us-central1/functions/app","type":"UPDATE_FUNCTION","request":{"@type":"type.googleapis.com/google.cloud.functions.v1.CloudFunction","name":"projects/fir-demo-1f579/locations/us-central1/functions/app","httpsTrigger":{"url":"https://us-central1-fir-demo-1f579.cloudfunctions.net/app","securityLevel":"SECURE_ALWAYS"},"status":"ACTIVE","entryPoint":"app","timeout":"60s","availableMemoryMb":256,"serviceAccountEmail":"fir-demo-1f579@appspot.gserviceaccount.com","updateTime":"2022-05-26T10:06:25.217Z","versionId":"22","labels":{"deployment-tool":"cli-firebase"},"sourceUploadUrl":"https://storage.googleapis.com/uploads-874433572816.us-central1.cloudfunctions.appspot.com/351ed2bb-6040-4538-9c02-a5a99ab35f35.zip?GoogleAccessId=service-803667900690@gcf-admin-robot.iam.gserviceaccount.com&Expires=1653563672&Signature=SLAq5zDV2gNpshlZtNQd321wMsAXfaaUQO1NEwhCOpnw%2BirmvtrvRspSB7OvqDunmysN61wm9SIMJAN1h3McGzEQJHfJLcpIknuogPWVNuFQBVoCvErcUHtSPfWXGjvMXTSuwiarj%2BJG2LMkxuSOlBDeu6D82zF4REwZ60Ru2O2qWECOa8o0%2FCUJW17XMQjh7TH%2BcPnGJyK4Y6DijDsirBXjYLyU9MPze8je80PxUt6mQLv8Tb6REoACPq0fLfOXFRiJa4LEYRijaLKAT2AtcNFcPToMA8%2Fi8%2B6rgriw0CSTM%2FJiwzx0mCYkAPNJBZl0TJxUglavp6KLVGRX6sOEMw%3D%3D","environmentVariables":{"FIREBASE_CONFIG":"{\"projectId\":\"fir-demo-1f579\",\"storageBucket\":\"fir-demo-1f579.appspot.com\",\"locationId\":\"europe-west\"}","GCLOUD_PROJECT":"fir-demo-1f579"},"runtime":"nodejs16","ingressSettings":"ALLOW_ALL","buildId":"263f0524-51ec-4def-983b-ff645ba557ec","buildName":"projects/803667900690/locations/us-central1/builds/263f0524-51ec-4def-983b-ff645ba557ec","dockerRegistry":"CONTAINER_REGISTRY"},"versionId":"23","updateTime":"2022-05-26T10:44:37Z","buildId":"dabebf83-1e3b-421f-84f5-09e09045cc90","buildName":"projects/803667900690/locations/us-central1/builds/dabebf83-1e3b-421f-84f5-09e09045cc90"}}
[debug] [2022-05-26T10:46:02.260Z] [update-default-us-central1-app] Retrying task index 0
[debug] [2022-05-26T10:46:02.260Z] >>> [apiv2][query] GET https://cloudfunctions.googleapis.com/v1/operations/ZmlyLWRlbW8tMWY1NzkvdXMtY2VudHJhbDEvYXBwL19xZEFsYnpBM1VN [none]
[debug] [2022-05-26T10:46:02.701Z] <<< [apiv2][status] GET https://cloudfunctions.googleapis.com/v1/operations/ZmlyLWRlbW8tMWY1NzkvdXMtY2VudHJhbDEvYXBwL19xZEFsYnpBM1VN 200
[debug] [2022-05-26T10:46:02.701Z] <<< [apiv2][body] GET https://cloudfunctions.googleapis.com/v1/operations/ZmlyLWRlbW8tMWY1NzkvdXMtY2VudHJhbDEvYXBwL19xZEFsYnpBM1VN {"name":"operations/ZmlyLWRlbW8tMWY1NzkvdXMtY2VudHJhbDEvYXBwL19xZEFsYnpBM1VN","metadata":{"@type":"type.googleapis.com/google.cloud.functions.v1.OperationMetadataV1","target":"projects/fir-demo-1f579/locations/us-central1/functions/app","type":"UPDATE_FUNCTION","request":{"@type":"type.googleapis.com/google.cloud.functions.v1.CloudFunction","name":"projects/fir-demo-1f579/locations/us-central1/functions/app","httpsTrigger":{"url":"https://us-central1-fir-demo-1f579.cloudfunctions.net/app","securityLevel":"SECURE_ALWAYS"},"status":"ACTIVE","entryPoint":"app","timeout":"60s","availableMemoryMb":256,"serviceAccountEmail":"fir-demo-1f579@appspot.gserviceaccount.com","updateTime":"2022-05-26T10:06:25.217Z","versionId":"22","labels":{"deployment-tool":"cli-firebase"},"sourceUploadUrl":"https://storage.googleapis.com/uploads-874433572816.us-central1.cloudfunctions.appspot.com/351ed2bb-6040-4538-9c02-a5a99ab35f35.zip?GoogleAccessId=service-803667900690@gcf-admin-robot.iam.gserviceaccount.com&Expires=1653563672&Signature=SLAq5zDV2gNpshlZtNQd321wMsAXfaaUQO1NEwhCOpnw%2BirmvtrvRspSB7OvqDunmysN61wm9SIMJAN1h3McGzEQJHfJLcpIknuogPWVNuFQBVoCvErcUHtSPfWXGjvMXTSuwiarj%2BJG2LMkxuSOlBDeu6D82zF4REwZ60Ru2O2qWECOa8o0%2FCUJW17XMQjh7TH%2BcPnGJyK4Y6DijDsirBXjYLyU9MPze8je80PxUt6mQLv8Tb6REoACPq0fLfOXFRiJa4LEYRijaLKAT2AtcNFcPToMA8%2Fi8%2B6rgriw0CSTM%2FJiwzx0mCYkAPNJBZl0TJxUglavp6KLVGRX6sOEMw%3D%3D","environmentVariables":{"FIREBASE_CONFIG":"{\"projectId\":\"fir-demo-1f579\",\"storageBucket\":\"fir-demo-1f579.appspot.com\",\"locationId\":\"europe-west\"}","GCLOUD_PROJECT":"fir-demo-1f579"},"runtime":"nodejs16","ingressSettings":"ALLOW_ALL","buildId":"263f0524-51ec-4def-983b-ff645ba557ec","buildName":"projects/803667900690/locations/us-central1/builds/263f0524-51ec-4def-983b-ff645ba557ec","dockerRegistry":"CONTAINER_REGISTRY"},"versionId":"23","updateTime":"2022-05-26T10:44:37Z","buildId":"dabebf83-1e3b-421f-84f5-09e09045cc90","buildName":"projects/803667900690/locations/us-central1/builds/dabebf83-1e3b-421f-84f5-09e09045cc90"}}
[debug] [2022-05-26T10:46:12.705Z] [update-default-us-central1-app] Retrying task index 0
[debug] [2022-05-26T10:46:12.706Z] >>> [apiv2][query] GET https://cloudfunctions.googleapis.com/v1/operations/ZmlyLWRlbW8tMWY1NzkvdXMtY2VudHJhbDEvYXBwL19xZEFsYnpBM1VN [none]
[debug] [2022-05-26T10:46:13.012Z] <<< [apiv2][status] GET https://cloudfunctions.googleapis.com/v1/operations/ZmlyLWRlbW8tMWY1NzkvdXMtY2VudHJhbDEvYXBwL19xZEFsYnpBM1VN 200
[debug] [2022-05-26T10:46:13.013Z] <<< [apiv2][body] GET https://cloudfunctions.googleapis.com/v1/operations/ZmlyLWRlbW8tMWY1NzkvdXMtY2VudHJhbDEvYXBwL19xZEFsYnpBM1VN {"name":"operations/ZmlyLWRlbW8tMWY1NzkvdXMtY2VudHJhbDEvYXBwL19xZEFsYnpBM1VN","metadata":{"@type":"type.googleapis.com/google.cloud.functions.v1.OperationMetadataV1","target":"projects/fir-demo-1f579/locations/us-central1/functions/app","type":"UPDATE_FUNCTION","request":{"@type":"type.googleapis.com/google.cloud.functions.v1.CloudFunction","name":"projects/fir-demo-1f579/locations/us-central1/functions/app","httpsTrigger":{"url":"https://us-central1-fir-demo-1f579.cloudfunctions.net/app","securityLevel":"SECURE_ALWAYS"},"status":"ACTIVE","entryPoint":"app","timeout":"60s","availableMemoryMb":256,"serviceAccountEmail":"fir-demo-1f579@appspot.gserviceaccount.com","updateTime":"2022-05-26T10:06:25.217Z","versionId":"22","labels":{"deployment-tool":"cli-firebase"},"sourceUploadUrl":"https://storage.googleapis.com/uploads-874433572816.us-central1.cloudfunctions.appspot.com/351ed2bb-6040-4538-9c02-a5a99ab35f35.zip?GoogleAccessId=service-803667900690@gcf-admin-robot.iam.gserviceaccount.com&Expires=1653563672&Signature=SLAq5zDV2gNpshlZtNQd321wMsAXfaaUQO1NEwhCOpnw%2BirmvtrvRspSB7OvqDunmysN61wm9SIMJAN1h3McGzEQJHfJLcpIknuogPWVNuFQBVoCvErcUHtSPfWXGjvMXTSuwiarj%2BJG2LMkxuSOlBDeu6D82zF4REwZ60Ru2O2qWECOa8o0%2FCUJW17XMQjh7TH%2BcPnGJyK4Y6DijDsirBXjYLyU9MPze8je80PxUt6mQLv8Tb6REoACPq0fLfOXFRiJa4LEYRijaLKAT2AtcNFcPToMA8%2Fi8%2B6rgriw0CSTM%2FJiwzx0mCYkAPNJBZl0TJxUglavp6KLVGRX6sOEMw%3D%3D","environmentVariables":{"FIREBASE_CONFIG":"{\"projectId\":\"fir-demo-1f579\",\"storageBucket\":\"fir-demo-1f579.appspot.com\",\"locationId\":\"europe-west\"}","GCLOUD_PROJECT":"fir-demo-1f579"},"runtime":"nodejs16","ingressSettings":"ALLOW_ALL","buildId":"263f0524-51ec-4def-983b-ff645ba557ec","buildName":"projects/803667900690/locations/us-central1/builds/263f0524-51ec-4def-983b-ff645ba557ec","dockerRegistry":"CONTAINER_REGISTRY"},"versionId":"23","updateTime":"2022-05-26T10:44:37Z","buildId":"dabebf83-1e3b-421f-84f5-09e09045cc90","buildName":"projects/803667900690/locations/us-central1/builds/dabebf83-1e3b-421f-84f5-09e09045cc90"}}
[debug] [2022-05-26T10:46:23.015Z] [update-default-us-central1-app] Retrying task index 0
[debug] [2022-05-26T10:46:23.015Z] >>> [apiv2][query] GET https://cloudfunctions.googleapis.com/v1/operations/ZmlyLWRlbW8tMWY1NzkvdXMtY2VudHJhbDEvYXBwL19xZEFsYnpBM1VN [none]
[debug] [2022-05-26T10:46:23.286Z] <<< [apiv2][status] GET https://cloudfunctions.googleapis.com/v1/operations/ZmlyLWRlbW8tMWY1NzkvdXMtY2VudHJhbDEvYXBwL19xZEFsYnpBM1VN 200
[debug] [2022-05-26T10:46:23.288Z] <<< [apiv2][body] GET https://cloudfunctions.googleapis.com/v1/operations/ZmlyLWRlbW8tMWY1NzkvdXMtY2VudHJhbDEvYXBwL19xZEFsYnpBM1VN {"name":"operations/ZmlyLWRlbW8tMWY1NzkvdXMtY2VudHJhbDEvYXBwL19xZEFsYnpBM1VN","metadata":{"@type":"type.googleapis.com/google.cloud.functions.v1.OperationMetadataV1","target":"projects/fir-demo-1f579/locations/us-central1/functions/app","type":"UPDATE_FUNCTION","request":{"@type":"type.googleapis.com/google.cloud.functions.v1.CloudFunction","name":"projects/fir-demo-1f579/locations/us-central1/functions/app","httpsTrigger":{"url":"https://us-central1-fir-demo-1f579.cloudfunctions.net/app","securityLevel":"SECURE_ALWAYS"},"status":"ACTIVE","entryPoint":"app","timeout":"60s","availableMemoryMb":256,"serviceAccountEmail":"fir-demo-1f579@appspot.gserviceaccount.com","updateTime":"2022-05-26T10:06:25.217Z","versionId":"22","labels":{"deployment-tool":"cli-firebase"},"sourceUploadUrl":"https://storage.googleapis.com/uploads-874433572816.us-central1.cloudfunctions.appspot.com/351ed2bb-6040-4538-9c02-a5a99ab35f35.zip?GoogleAccessId=service-803667900690@gcf-admin-robot.iam.gserviceaccount.com&Expires=1653563672&Signature=SLAq5zDV2gNpshlZtNQd321wMsAXfaaUQO1NEwhCOpnw%2BirmvtrvRspSB7OvqDunmysN61wm9SIMJAN1h3McGzEQJHfJLcpIknuogPWVNuFQBVoCvErcUHtSPfWXGjvMXTSuwiarj%2BJG2LMkxuSOlBDeu6D82zF4REwZ60Ru2O2qWECOa8o0%2FCUJW17XMQjh7TH%2BcPnGJyK4Y6DijDsirBXjYLyU9MPze8je80PxUt6mQLv8Tb6REoACPq0fLfOXFRiJa4LEYRijaLKAT2AtcNFcPToMA8%2Fi8%2B6rgriw0CSTM%2FJiwzx0mCYkAPNJBZl0TJxUglavp6KLVGRX6sOEMw%3D%3D","environmentVariables":{"FIREBASE_CONFIG":"{\"projectId\":\"fir-demo-1f579\",\"storageBucket\":\"fir-demo-1f579.appspot.com\",\"locationId\":\"europe-west\"}","GCLOUD_PROJECT":"fir-demo-1f579"},"runtime":"nodejs16","ingressSettings":"ALLOW_ALL","buildId":"263f0524-51ec-4def-983b-ff645ba557ec","buildName":"projects/803667900690/locations/us-central1/builds/263f0524-51ec-4def-983b-ff645ba557ec","dockerRegistry":"CONTAINER_REGISTRY"},"versionId":"23","updateTime":"2022-05-26T10:44:37Z","buildId":"dabebf83-1e3b-421f-84f5-09e09045cc90","buildName":"projects/803667900690/locations/us-central1/builds/dabebf83-1e3b-421f-84f5-09e09045cc90"}}
